[INFO] [2016-05-02 11:59:58][org.springframework.beans.factory.xml.XmlBeanDefinitionReader]Loading XML bean definitions from class path resource [spring-mybatis.xml]
[ERROR] [2016-05-02 11:59:58][org.springframework.test.context.TestContextManager]Caught exception while allowing TestExecutionListener [org.springframework.test.context.support.DependencyInjectionTestExecutionListener@38987d26] to prepare test instance [com.cn.mytest.TestSpringAndMyBatis@713f85de]
java.lang.IllegalStateException: Failed to load ApplicationContext
	at org.springframework.test.context.CacheAwareContextLoaderDelegate.loadContext(CacheAwareContextLoaderDelegate.java:99)
	at org.springframework.test.context.DefaultTestContext.getApplicationContext(DefaultTestContext.java:101)
	at org.springframework.test.context.support.DependencyInjectionTestExecutionListener.injectDependencies(DependencyInjectionTestExecutionListener.java:109)
	at org.springframework.test.context.support.DependencyInjectionTestExecutionListener.prepareTestInstance(DependencyInjectionTestExecutionListener.java:75)
	at org.springframework.test.context.TestContextManager.prepareTestInstance(TestContextManager.java:319)
	at org.springframework.test.context.junit4.SpringJUnit4ClassRunner.createTest(SpringJUnit4ClassRunner.java:212)
	at org.springframework.test.context.junit4.SpringJUnit4ClassRunner$1.runReflectiveCall(SpringJUnit4ClassRunner.java:289)
	at org.junit.internal.runners.model.ReflectiveCallable.run(ReflectiveCallable.java:12)
	at org.springframework.test.context.junit4.SpringJUnit4ClassRunner.methodBlock(SpringJUnit4ClassRunner.java:291)
	at org.springframework.test.context.junit4.SpringJUnit4ClassRunner.runChild(SpringJUnit4ClassRunner.java:232)
	at org.springframework.test.context.junit4.SpringJUnit4ClassRunner.runChild(SpringJUnit4ClassRunner.java:89)
	at org.junit.runners.ParentRunner$3.run(ParentRunner.java:238)
	at org.junit.runners.ParentRunner$1.schedule(ParentRunner.java:63)
	at org.junit.runners.ParentRunner.runChildren(ParentRunner.java:236)
	at org.junit.runners.ParentRunner.access$000(ParentRunner.java:53)
	at org.junit.runners.ParentRunner$2.evaluate(ParentRunner.java:229)
	at org.springframework.test.context.junit4.statements.RunBeforeTestClassCallbacks.evaluate(RunBeforeTestClassCallbacks.java:61)
	at org.springframework.test.context.junit4.statements.RunAfterTestClassCallbacks.evaluate(RunAfterTestClassCallbacks.java:71)
	at org.junit.runners.ParentRunner.run(ParentRunner.java:309)
	at org.springframework.test.context.junit4.SpringJUnit4ClassRunner.run(SpringJUnit4ClassRunner.java:175)
	at org.eclipse.jdt.internal.junit4.runner.JUnit4TestReference.run(JUnit4TestReference.java:50)
	at org.eclipse.jdt.internal.junit.runner.TestExecution.run(TestExecution.java:38)
	at org.eclipse.jdt.internal.junit.runner.RemoteTestRunner.runTests(RemoteTestRunner.java:459)
	at org.eclipse.jdt.internal.junit.runner.RemoteTestRunner.runTests(RemoteTestRunner.java:675)
	at org.eclipse.jdt.internal.junit.runner.RemoteTestRunner.run(RemoteTestRunner.java:382)
	at org.eclipse.jdt.internal.junit.runner.RemoteTestRunner.main(RemoteTestRunner.java:192)
Caused by: org.springframework.beans.factory.BeanDefinitionStoreException: IOException parsing XML document from class path resource [spring-mybatis.xml]; nested exception is java.io.FileNotFoundException: class path resource [spring-mybatis.xml] cannot be opened because it does not exist
	at org.springframework.beans.factory.xml.XmlBeanDefinitionReader.loadBeanDefinitions(XmlBeanDefinitionReader.java:343)
	at org.springframework.beans.factory.xml.XmlBeanDefinitionReader.loadBeanDefinitions(XmlBeanDefinitionReader.java:303)
	at org.springframework.beans.factory.support.AbstractBeanDefinitionReader.loadBeanDefinitions(AbstractBeanDefinitionReader.java:180)
	at org.springframework.beans.factory.support.AbstractBeanDefinitionReader.loadBeanDefinitions(AbstractBeanDefinitionReader.java:216)
	at org.springframework.beans.factory.support.AbstractBeanDefinitionReader.loadBeanDefinitions(AbstractBeanDefinitionReader.java:187)
	at org.springframework.beans.factory.support.AbstractBeanDefinitionReader.loadBeanDefinitions(AbstractBeanDefinitionReader.java:251)
	at org.springframework.test.context.support.AbstractGenericContextLoader.loadBeanDefinitions(AbstractGenericContextLoader.java:235)
	at org.springframework.test.context.support.AbstractGenericContextLoader.loadContext(AbstractGenericContextLoader.java:118)
	at org.springframework.test.context.support.AbstractGenericContextLoader.loadContext(AbstractGenericContextLoader.java:60)
	at org.springframework.test.context.support.AbstractDelegatingSmartContextLoader.delegateLoading(AbstractDelegatingSmartContextLoader.java:100)
	at org.springframework.test.context.support.AbstractDelegatingSmartContextLoader.loadContext(AbstractDelegatingSmartContextLoader.java:250)
	at org.springframework.test.context.CacheAwareContextLoaderDelegate.loadContextInternal(CacheAwareContextLoaderDelegate.java:64)
	at org.springframework.test.context.CacheAwareContextLoaderDelegate.loadContext(CacheAwareContextLoaderDelegate.java:91)
	... 25 more
Caused by: java.io.FileNotFoundException: class path resource [spring-mybatis.xml] cannot be opened because it does not exist
	at org.springframework.core.io.ClassPathResource.getInputStream(ClassPathResource.java:158)
	at org.springframework.beans.factory.xml.XmlBeanDefinitionReader.loadBeanDefinitions(XmlBeanDefinitionReader.java:329)
	... 37 more
[INFO] [2016-05-02 12:00:30][org.springframework.beans.factory.xml.XmlBeanDefinitionReader]Loading XML bean definitions from class path resource [spring/spring-mybatis.xml]
[INFO] [2016-05-02 12:00:30][org.springframework.context.support.GenericApplicationContext]Refreshing org.springframework.context.support.GenericApplicationContext@4febe3f0: startup date [Mon May 02 12:00:30 CST 2016]; root of context hierarchy
[INFO] [2016-05-02 12:00:30][org.springframework.context.support.PropertySourcesPlaceholderConfigurer]Loading properties file from class path resource [database/jdbc.properties]
[INFO] [2016-05-02 12:00:30][org.springframework.beans.factory.annotation.AutowiredAnnotationBeanPostProcessor]JSR-330 'javax.inject.Inject' annotation found and supported for autowiring
[INFO] [2016-05-02 12:00:31][com.cn.hnust.service.impl.UserServiceImpl]收到查询用户参数,id=1
[INFO] [2016-05-02 12:00:31][com.cn.hnust.service.impl.UserServiceImpl]查询用户结果:{"age":24,"id":1,"name":"胡辉","password":"sfasgfaf"}
[INFO] [2016-05-02 12:00:31][com.cn.mytest.TestSpringAndMyBatis]user --> {"age":24,"id":1,"name":"胡辉","password":"sfasgfaf"}
[ERROR] [2016-05-02 12:00:31][com.cn.mytest.TestSpringAndMyBatis]参数错误com.cn.hnust.domain.User@4641660
[WARN] [2016-05-02 12:00:31][com.cn.mytest.TestSpringAndMyBatis]这是一个警告
[INFO] [2016-05-02 12:00:31][org.springframework.context.support.GenericApplicationContext]Closing org.springframework.context.support.GenericApplicationContext@4febe3f0: startup date [Mon May 02 12:00:30 CST 2016]; root of context hierarchy
[INFO] [2016-05-02 12:00:53][org.springframework.beans.factory.xml.XmlBeanDefinitionReader]Loading XML bean definitions from class path resource [spring/spring-mybatis.xml]
[INFO] [2016-05-02 12:00:54][org.springframework.context.support.GenericApplicationContext]Refreshing org.springframework.context.support.GenericApplicationContext@37cc745e: startup date [Mon May 02 12:00:54 CST 2016]; root of context hierarchy
[INFO] [2016-05-02 12:00:54][org.springframework.context.support.PropertySourcesPlaceholderConfigurer]Loading properties file from class path resource [database/jdbc.properties]
[INFO] [2016-05-02 12:00:54][org.springframework.beans.factory.annotation.AutowiredAnnotationBeanPostProcessor]JSR-330 'javax.inject.Inject' annotation found and supported for autowiring
[INFO] [2016-05-02 12:00:54][com.cn.hnust.service.impl.UserServiceImpl]收到查询用户参数,id=1
[INFO] [2016-05-02 12:00:54][com.cn.hnust.service.impl.UserServiceImpl]查询用户结果:{"age":24,"id":1,"name":"胡辉","password":"sfasgfaf"}
[INFO] [2016-05-02 12:00:54][com.cn.mytest.TestSpringAndMyBatis]user --> {"age":24,"id":1,"name":"胡辉","password":"sfasgfaf"}
[ERROR] [2016-05-02 12:00:54][com.cn.mytest.TestSpringAndMyBatis]参数错误com.cn.hnust.domain.User@2525df8a
[WARN] [2016-05-02 12:00:54][com.cn.mytest.TestSpringAndMyBatis]这是一个警告
[INFO] [2016-05-02 12:00:54][org.springframework.context.support.GenericApplicationContext]Closing org.springframework.context.support.GenericApplicationContext@37cc745e: startup date [Mon May 02 12:00:54 CST 2016]; root of context hierarchy
[INFO] [2016-05-02 12:09:05][org.springframework.beans.factory.xml.XmlBeanDefinitionReader]Loading XML bean definitions from class path resource [spring/spring-mybatis.xml]
[INFO] [2016-05-02 12:09:06][org.springframework.context.support.GenericApplicationContext]Refreshing org.springframework.context.support.GenericApplicationContext@7ec677d5: startup date [Mon May 02 12:09:06 CST 2016]; root of context hierarchy
[INFO] [2016-05-02 12:09:06][org.springframework.context.support.PropertySourcesPlaceholderConfigurer]Loading properties file from class path resource [database/jdbc.properties]
[INFO] [2016-05-02 12:09:06][org.springframework.beans.factory.annotation.AutowiredAnnotationBeanPostProcessor]JSR-330 'javax.inject.Inject' annotation found and supported for autowiring
[INFO] [2016-05-02 12:09:06][com.cn.hnust.facade.UserFacadeImpl]收到User查询条件:1
[INFO] [2016-05-02 12:09:06][com.cn.hnust.service.impl.UserServiceImpl]收到查询用户参数,id=1
[INFO] [2016-05-02 12:09:06][com.cn.hnust.service.impl.UserServiceImpl]查询用户结果:{"age":24,"id":1,"name":"胡辉","password":"sfasgfaf"}
[INFO] [2016-05-02 12:09:06][com.cn.mytest.TestUserFacade]测试User查询结果:{}{"age":24,"id":1,"name":"胡辉","password":"sfasgfaf"}
[INFO] [2016-05-02 12:09:06][org.springframework.context.support.GenericApplicationContext]Closing org.springframework.context.support.GenericApplicationContext@7ec677d5: startup date [Mon May 02 12:09:06 CST 2016]; root of context hierarchy
[INFO] [2016-05-02 12:15:07][org.springframework.beans.factory.xml.XmlBeanDefinitionReader]Loading XML bean definitions from class path resource [spring/spring-mybatis.xml]
[INFO] [2016-05-02 12:15:07][org.springframework.context.support.GenericApplicationContext]Refreshing org.springframework.context.support.GenericApplicationContext@c07014a: startup date [Mon May 02 12:15:07 CST 2016]; root of context hierarchy
[INFO] [2016-05-02 12:15:07][org.springframework.context.support.PropertySourcesPlaceholderConfigurer]Loading properties file from class path resource [database/jdbc.properties]
[INFO] [2016-05-02 12:15:07][org.springframework.beans.factory.annotation.AutowiredAnnotationBeanPostProcessor]JSR-330 'javax.inject.Inject' annotation found and supported for autowiring
[INFO] [2016-05-02 12:15:07][com.cn.hnust.facade.UserFacadeImpl]收到User查询条件:1
[INFO] [2016-05-02 12:15:07][com.cn.hnust.service.impl.UserServiceImpl]收到查询用户参数,id=1
[INFO] [2016-05-02 12:15:08][com.cn.hnust.service.impl.UserServiceImpl]查询用户结果:{"age":24,"id":1,"name":"胡辉","password":"sfasgfaf"}
[INFO] [2016-05-02 12:15:08][com.cn.mytest.TestUserFacade]测试User查询结果:{}{"age":24,"id":1,"name":"胡辉","password":"sfasgfaf"}
[INFO] [2016-05-02 12:15:08][org.springframework.context.support.GenericApplicationContext]Closing org.springframework.context.support.GenericApplicationContext@c07014a: startup date [Mon May 02 12:15:07 CST 2016]; root of context hierarchy
[INFO] [2016-05-02 14:03:07][org.springframework.web.context.ContextLoader]Root WebApplicationContext: initialization started
[INFO] [2016-05-02 14:03:08][org.springframework.web.context.support.XmlWebApplicationContext]Refreshing Root WebApplicationContext: startup date [Mon May 02 14:03:08 CST 2016]; root of context hierarchy
[INFO] [2016-05-02 14:03:08][org.springframework.beans.factory.xml.XmlBeanDefinitionReader]Loading XML bean definitions from class path resource [spring/spring-mybatis.xml]
[INFO] [2016-05-02 14:03:08][org.springframework.context.support.PropertySourcesPlaceholderConfigurer]Loading properties file from class path resource [database/jdbc.properties]
[INFO] [2016-05-02 14:03:08][org.springframework.beans.factory.annotation.AutowiredAnnotationBeanPostProcessor]JSR-330 'javax.inject.Inject' annotation found and supported for autowiring
[INFO] [2016-05-02 14:03:08][org.springframework.web.context.ContextLoader]Root WebApplicationContext: initialization completed in 782 ms
[INFO] [2016-05-02 14:03:08][org.springframework.web.servlet.DispatcherServlet]FrameworkServlet 'dispatcherServlet': initialization started
[INFO] [2016-05-02 14:03:08][org.springframework.web.context.support.XmlWebApplicationContext]Refreshing WebApplicationContext for namespace 'dispatcherServlet-servlet': startup date [Mon May 02 14:03:08 CST 2016]; parent: Root WebApplicationContext
[INFO] [2016-05-02 14:03:08][org.springframework.beans.factory.xml.XmlBeanDefinitionReader]Loading XML bean definitions from class path resource [spring/spring-mvc.xml]
[INFO] [2016-05-02 14:03:09][org.springframework.beans.factory.annotation.AutowiredAnnotationBeanPostProcessor]JSR-330 'javax.inject.Inject' annotation found and supported for autowiring
[INFO] [2016-05-02 14:03:09][org.springframework.web.servlet.mvc.annotation.DefaultAnnotationHandlerMapping]Mapped URL path [/user/showUser] onto handler 'userController'
[INFO] [2016-05-02 14:03:09][org.springframework.web.servlet.mvc.annotation.DefaultAnnotationHandlerMapping]Mapped URL path [/user/showUser.*] onto handler 'userController'
[INFO] [2016-05-02 14:03:09][org.springframework.web.servlet.mvc.annotation.DefaultAnnotationHandlerMapping]Mapped URL path [/user/showUser/] onto handler 'userController'
[INFO] [2016-05-02 14:03:09][org.springframework.web.servlet.DispatcherServlet]FrameworkServlet 'dispatcherServlet': initialization completed in 440 ms
[INFO] [2016-05-02 14:03:22][com.cn.hnust.service.impl.UserServiceImpl]鏀跺埌鏌ヨ鐢ㄦ埛鍙傛暟,id=1
[INFO] [2016-05-02 14:03:23][com.cn.hnust.service.impl.UserServiceImpl]鏌ヨ鐢ㄦ埛缁撴灉:{"age":24,"id":1,"name":"胡辉","password":"sfasgfaf"}
[INFO] [2016-05-02 14:05:07][org.springframework.web.context.ContextLoader]Root WebApplicationContext: initialization started
[INFO] [2016-05-02 14:05:07][org.springframework.web.context.support.XmlWebApplicationContext]Refreshing Root WebApplicationContext: startup date [Mon May 02 14:05:07 CST 2016]; root of context hierarchy
[INFO] [2016-05-02 14:05:07][org.springframework.beans.factory.xml.XmlBeanDefinitionReader]Loading XML bean definitions from class path resource [spring/spring-mybatis.xml]
[INFO] [2016-05-02 14:05:07][org.springframework.context.support.PropertySourcesPlaceholderConfigurer]Loading properties file from class path resource [database/jdbc.properties]
[INFO] [2016-05-02 14:05:07][org.springframework.beans.factory.annotation.AutowiredAnnotationBeanPostProcessor]JSR-330 'javax.inject.Inject' annotation found and supported for autowiring
[INFO] [2016-05-02 14:05:07][org.springframework.web.context.ContextLoader]Root WebApplicationContext: initialization completed in 646 ms
[INFO] [2016-05-02 14:05:07][org.springframework.web.servlet.DispatcherServlet]FrameworkServlet 'dispatcherServlet': initialization started
[INFO] [2016-05-02 14:05:07][org.springframework.web.context.support.XmlWebApplicationContext]Refreshing WebApplicationContext for namespace 'dispatcherServlet-servlet': startup date [Mon May 02 14:05:07 CST 2016]; parent: Root WebApplicationContext
[INFO] [2016-05-02 14:05:07][org.springframework.beans.factory.xml.XmlBeanDefinitionReader]Loading XML bean definitions from class path resource [spring/spring-mvc.xml]
[INFO] [2016-05-02 14:05:07][org.springframework.beans.factory.annotation.AutowiredAnnotationBeanPostProcessor]JSR-330 'javax.inject.Inject' annotation found and supported for autowiring
[INFO] [2016-05-02 14:05:08][org.springframework.web.servlet.mvc.annotation.DefaultAnnotationHandlerMapping]Mapped URL path [/user/showUser] onto handler 'userController'
[INFO] [2016-05-02 14:05:08][org.springframework.web.servlet.mvc.annotation.DefaultAnnotationHandlerMapping]Mapped URL path [/user/showUser.*] onto handler 'userController'
[INFO] [2016-05-02 14:05:08][org.springframework.web.servlet.mvc.annotation.DefaultAnnotationHandlerMapping]Mapped URL path [/user/showUser/] onto handler 'userController'
[INFO] [2016-05-02 14:05:08][org.springframework.web.servlet.DispatcherServlet]FrameworkServlet 'dispatcherServlet': initialization completed in 244 ms
[INFO] [2016-05-02 14:05:12][com.cn.hnust.service.impl.UserServiceImpl]鏀跺埌鏌ヨ鐢ㄦ埛鍙傛暟,id=1
[INFO] [2016-05-02 14:05:13][com.cn.hnust.service.impl.UserServiceImpl]鏌ヨ鐢ㄦ埛缁撴灉:{"age":24,"id":1,"name":"胡辉","password":"sfasgfaf"}
[INFO] [2016-05-02 14:06:34][org.springframework.web.context.ContextLoader]Root WebApplicationContext: initialization started
[INFO] [2016-05-02 14:06:34][org.springframework.web.context.support.XmlWebApplicationContext]Refreshing Root WebApplicationContext: startup date [Mon May 02 14:06:34 CST 2016]; root of context hierarchy
[INFO] [2016-05-02 14:06:34][org.springframework.beans.factory.xml.XmlBeanDefinitionReader]Loading XML bean definitions from class path resource [spring/spring-mybatis.xml]
[INFO] [2016-05-02 14:06:34][org.springframework.context.support.PropertySourcesPlaceholderConfigurer]Loading properties file from class path resource [database/jdbc.properties]
[INFO] [2016-05-02 14:06:34][org.springframework.beans.factory.annotation.AutowiredAnnotationBeanPostProcessor]JSR-330 'javax.inject.Inject' annotation found and supported for autowiring
[INFO] [2016-05-02 14:06:34][org.springframework.web.context.ContextLoader]Root WebApplicationContext: initialization completed in 629 ms
[INFO] [2016-05-02 14:06:34][org.springframework.web.servlet.DispatcherServlet]FrameworkServlet 'dispatcherServlet': initialization started
[INFO] [2016-05-02 14:06:34][org.springframework.web.context.support.XmlWebApplicationContext]Refreshing WebApplicationContext for namespace 'dispatcherServlet-servlet': startup date [Mon May 02 14:06:34 CST 2016]; parent: Root WebApplicationContext
[INFO] [2016-05-02 14:06:34][org.springframework.beans.factory.xml.XmlBeanDefinitionReader]Loading XML bean definitions from class path resource [spring/spring-mvc.xml]
[INFO] [2016-05-02 14:06:35][org.springframework.beans.factory.annotation.AutowiredAnnotationBeanPostProcessor]JSR-330 'javax.inject.Inject' annotation found and supported for autowiring
[INFO] [2016-05-02 14:06:35][org.springframework.web.servlet.mvc.annotation.DefaultAnnotationHandlerMapping]Mapped URL path [/user/showUser] onto handler 'userController'
[INFO] [2016-05-02 14:06:35][org.springframework.web.servlet.mvc.annotation.DefaultAnnotationHandlerMapping]Mapped URL path [/user/showUser.*] onto handler 'userController'
[INFO] [2016-05-02 14:06:35][org.springframework.web.servlet.mvc.annotation.DefaultAnnotationHandlerMapping]Mapped URL path [/user/showUser/] onto handler 'userController'
[INFO] [2016-05-02 14:06:35][org.springframework.web.servlet.DispatcherServlet]FrameworkServlet 'dispatcherServlet': initialization completed in 242 ms
[INFO] [2016-05-02 14:06:49][com.cn.hnust.service.impl.UserServiceImpl]鏀跺埌鏌ヨ鐢ㄦ埛鍙傛暟,id=1
[INFO] [2016-05-02 14:06:49][com.cn.hnust.service.impl.UserServiceImpl]鏌ヨ鐢ㄦ埛缁撴灉:{"age":24,"id":1,"name":"胡辉","password":"sfasgfaf"}
[INFO] [2016-05-02 14:08:29][org.springframework.web.context.ContextLoader]Root WebApplicationContext: initialization started
[INFO] [2016-05-02 14:08:29][org.springframework.web.context.support.XmlWebApplicationContext]Refreshing Root WebApplicationContext: startup date [Mon May 02 14:08:29 CST 2016]; root of context hierarchy
[INFO] [2016-05-02 14:08:29][org.springframework.beans.factory.xml.XmlBeanDefinitionReader]Loading XML bean definitions from class path resource [spring/spring-mybatis.xml]
[INFO] [2016-05-02 14:08:29][org.springframework.context.support.PropertySourcesPlaceholderConfigurer]Loading properties file from class path resource [database/jdbc.properties]
[INFO] [2016-05-02 14:08:29][org.springframework.beans.factory.annotation.AutowiredAnnotationBeanPostProcessor]JSR-330 'javax.inject.Inject' annotation found and supported for autowiring
[INFO] [2016-05-02 14:08:30][org.springframework.web.context.ContextLoader]Root WebApplicationContext: initialization completed in 669 ms
[INFO] [2016-05-02 14:08:30][org.springframework.web.servlet.DispatcherServlet]FrameworkServlet 'dispatcherServlet': initialization started
[INFO] [2016-05-02 14:08:30][org.springframework.web.context.support.XmlWebApplicationContext]Refreshing WebApplicationContext for namespace 'dispatcherServlet-servlet': startup date [Mon May 02 14:08:30 CST 2016]; parent: Root WebApplicationContext
[INFO] [2016-05-02 14:08:30][org.springframework.beans.factory.xml.XmlBeanDefinitionReader]Loading XML bean definitions from class path resource [spring/spring-mvc.xml]
[INFO] [2016-05-02 14:08:30][org.springframework.beans.factory.annotation.AutowiredAnnotationBeanPostProcessor]JSR-330 'javax.inject.Inject' annotation found and supported for autowiring
[INFO] [2016-05-02 14:08:30][org.springframework.web.servlet.mvc.annotation.DefaultAnnotationHandlerMapping]Mapped URL path [/user/showUser] onto handler 'userController'
[INFO] [2016-05-02 14:08:30][org.springframework.web.servlet.mvc.annotation.DefaultAnnotationHandlerMapping]Mapped URL path [/user/showUser.*] onto handler 'userController'
[INFO] [2016-05-02 14:08:30][org.springframework.web.servlet.mvc.annotation.DefaultAnnotationHandlerMapping]Mapped URL path [/user/showUser/] onto handler 'userController'
[INFO] [2016-05-02 14:08:30][org.springframework.web.servlet.DispatcherServlet]FrameworkServlet 'dispatcherServlet': initialization completed in 193 ms
[INFO] [2016-05-02 14:08:34][com.cn.hnust.service.impl.UserServiceImpl]收到查询用户参数,id=1
[INFO] [2016-05-02 14:08:34][com.cn.hnust.service.impl.UserServiceImpl]查询用户结果:{"age":24,"id":1,"name":"胡辉","password":"sfasgfaf"}
[INFO] [2016-05-02 14:09:48][org.springframework.web.context.support.XmlWebApplicationContext]Refreshing Root WebApplicationContext: startup date [Mon May 02 14:09:48 CST 2016]; parent: Root WebApplicationContext
[INFO] [2016-05-02 14:09:48][org.springframework.beans.factory.xml.XmlBeanDefinitionReader]Loading XML bean definitions from class path resource [META-INF/cxf/cxf.xml]
[INFO] [2016-05-02 14:09:48][org.springframework.beans.factory.xml.XmlBeanDefinitionReader]Loading XML bean definitions from URL [file:/F:/WorkSpace/eclipse/MySSM/target/classes/cxf/cxf-servlet.xml]
[INFO] [2016-05-02 14:09:49][org.apache.cxf.common.injection.ResourceInjector]failed to resolve resource com.cn.hnust.facade.UserFacadeImpl/userService
[INFO] [2016-05-02 14:09:49][org.apache.cxf.wsdl.service.factory.ReflectionServiceFactoryBean]Creating Service {http://facade.hnust.cn.com/}UserFacadeImplService from class com.cn.hnust.facade.UserFacadeImpl
[INFO] [2016-05-02 14:09:49][org.apache.cxf.endpoint.ServerImpl]Setting the server's publish address to be /UserFacadeImpl
[INFO] [2016-05-02 14:10:18][org.springframework.web.context.ContextLoader]Root WebApplicationContext: initialization started
[INFO] [2016-05-02 14:10:18][org.springframework.web.context.support.XmlWebApplicationContext]Refreshing Root WebApplicationContext: startup date [Mon May 02 14:10:18 CST 2016]; root of context hierarchy
[INFO] [2016-05-02 14:10:18][org.springframework.beans.factory.xml.XmlBeanDefinitionReader]Loading XML bean definitions from class path resource [spring/spring-mybatis.xml]
[INFO] [2016-05-02 14:10:19][org.springframework.context.support.PropertySourcesPlaceholderConfigurer]Loading properties file from class path resource [database/jdbc.properties]
[INFO] [2016-05-02 14:10:19][org.springframework.beans.factory.annotation.AutowiredAnnotationBeanPostProcessor]JSR-330 'javax.inject.Inject' annotation found and supported for autowiring
[INFO] [2016-05-02 14:10:19][org.springframework.web.context.ContextLoader]Root WebApplicationContext: initialization completed in 576 ms
[INFO] [2016-05-02 14:10:19][org.springframework.web.servlet.DispatcherServlet]FrameworkServlet 'dispatcherServlet': initialization started
[INFO] [2016-05-02 14:10:19][org.springframework.web.context.support.XmlWebApplicationContext]Refreshing WebApplicationContext for namespace 'dispatcherServlet-servlet': startup date [Mon May 02 14:10:19 CST 2016]; parent: Root WebApplicationContext
[INFO] [2016-05-02 14:10:19][org.springframework.beans.factory.xml.XmlBeanDefinitionReader]Loading XML bean definitions from class path resource [spring/spring-mvc.xml]
[INFO] [2016-05-02 14:10:19][org.springframework.beans.factory.annotation.AutowiredAnnotationBeanPostProcessor]JSR-330 'javax.inject.Inject' annotation found and supported for autowiring
[INFO] [2016-05-02 14:10:19][org.springframework.web.servlet.mvc.annotation.DefaultAnnotationHandlerMapping]Mapped URL path [/user/showUser] onto handler 'userController'
[INFO] [2016-05-02 14:10:19][org.springframework.web.servlet.mvc.annotation.DefaultAnnotationHandlerMapping]Mapped URL path [/user/showUser.*] onto handler 'userController'
[INFO] [2016-05-02 14:10:19][org.springframework.web.servlet.mvc.annotation.DefaultAnnotationHandlerMapping]Mapped URL path [/user/showUser/] onto handler 'userController'
[INFO] [2016-05-02 14:10:19][org.springframework.web.servlet.DispatcherServlet]FrameworkServlet 'dispatcherServlet': initialization completed in 232 ms
[INFO] [2016-05-02 14:10:25][org.springframework.web.context.support.XmlWebApplicationContext]Refreshing Root WebApplicationContext: startup date [Mon May 02 14:10:25 CST 2016]; parent: Root WebApplicationContext
[INFO] [2016-05-02 14:10:25][org.springframework.beans.factory.xml.XmlBeanDefinitionReader]Loading XML bean definitions from class path resource [META-INF/cxf/cxf.xml]
[INFO] [2016-05-02 14:10:25][org.springframework.beans.factory.xml.XmlBeanDefinitionReader]Loading XML bean definitions from URL [file:/F:/WorkSpace/eclipse/MySSM/target/classes/cxf/cxf-servlet.xml]
[INFO] [2016-05-02 14:10:25][org.apache.cxf.common.injection.ResourceInjector]failed to resolve resource com.cn.hnust.facade.UserFacadeImpl/userService
[INFO] [2016-05-02 14:10:25][org.apache.cxf.wsdl.service.factory.ReflectionServiceFactoryBean]Creating Service {http://facade.hnust.cn.com/}UserFacadeImplService from class com.cn.hnust.facade.UserFacadeImpl
[INFO] [2016-05-02 14:10:25][org.apache.cxf.endpoint.ServerImpl]Setting the server's publish address to be /UserFacadeImpl
[INFO] [2016-05-02 14:29:08][org.springframework.web.context.ContextLoader]Root WebApplicationContext: initialization started
[INFO] [2016-05-02 14:29:08][org.springframework.web.context.support.XmlWebApplicationContext]Refreshing Root WebApplicationContext: startup date [Mon May 02 14:29:08 CST 2016]; root of context hierarchy
[INFO] [2016-05-02 14:29:08][org.springframework.beans.factory.xml.XmlBeanDefinitionReader]Loading XML bean definitions from class path resource [spring/spring-mybatis.xml]
[INFO] [2016-05-02 14:29:08][org.springframework.context.support.PropertySourcesPlaceholderConfigurer]Loading properties file from class path resource [database/jdbc.properties]
[INFO] [2016-05-02 14:29:08][org.springframework.beans.factory.annotation.AutowiredAnnotationBeanPostProcessor]JSR-330 'javax.inject.Inject' annotation found and supported for autowiring
[INFO] [2016-05-02 14:29:08][org.springframework.web.context.ContextLoader]Root WebApplicationContext: initialization completed in 573 ms
[INFO] [2016-05-02 14:29:08][org.springframework.web.servlet.DispatcherServlet]FrameworkServlet 'dispatcherServlet': initialization started
[INFO] [2016-05-02 14:29:08][org.springframework.web.context.support.XmlWebApplicationContext]Refreshing WebApplicationContext for namespace 'dispatcherServlet-servlet': startup date [Mon May 02 14:29:08 CST 2016]; parent: Root WebApplicationContext
[INFO] [2016-05-02 14:29:08][org.springframework.beans.factory.xml.XmlBeanDefinitionReader]Loading XML bean definitions from class path resource [spring/spring-mvc.xml]
[INFO] [2016-05-02 14:29:08][org.springframework.beans.factory.annotation.AutowiredAnnotationBeanPostProcessor]JSR-330 'javax.inject.Inject' annotation found and supported for autowiring
[INFO] [2016-05-02 14:29:08][org.springframework.web.servlet.mvc.annotation.DefaultAnnotationHandlerMapping]Mapped URL path [/user/showUser] onto handler 'userController'
[INFO] [2016-05-02 14:29:08][org.springframework.web.servlet.mvc.annotation.DefaultAnnotationHandlerMapping]Mapped URL path [/user/showUser.*] onto handler 'userController'
[INFO] [2016-05-02 14:29:08][org.springframework.web.servlet.mvc.annotation.DefaultAnnotationHandlerMapping]Mapped URL path [/user/showUser/] onto handler 'userController'
[INFO] [2016-05-02 14:29:08][org.springframework.web.servlet.DispatcherServlet]FrameworkServlet 'dispatcherServlet': initialization completed in 233 ms
[INFO] [2016-05-02 14:29:12][org.springframework.web.context.support.XmlWebApplicationContext]Refreshing Root WebApplicationContext: startup date [Mon May 02 14:29:12 CST 2016]; parent: Root WebApplicationContext
[INFO] [2016-05-02 14:29:12][org.springframework.beans.factory.xml.XmlBeanDefinitionReader]Loading XML bean definitions from class path resource [META-INF/cxf/cxf.xml]
[INFO] [2016-05-02 14:29:12][org.springframework.beans.factory.xml.XmlBeanDefinitionReader]Loading XML bean definitions from URL [file:/F:/WorkSpace/eclipse/MySSM/target/classes/cxf/cxf-servlet.xml]
[INFO] [2016-05-02 14:29:12][org.apache.cxf.common.injection.ResourceInjector]failed to resolve resource com.cn.hnust.facade.UserFacadeImpl/userService
[INFO] [2016-05-02 14:29:13][org.apache.cxf.wsdl.service.factory.ReflectionServiceFactoryBean]Creating Service {http://facade.hnust.cn.com/}UserFacadeImplService from class com.cn.hnust.facade.UserFacadeImpl
[INFO] [2016-05-02 14:31:04][org.springframework.web.context.ContextLoader]Root WebApplicationContext: initialization started
[INFO] [2016-05-02 14:31:04][org.springframework.web.context.support.XmlWebApplicationContext]Refreshing Root WebApplicationContext: startup date [Mon May 02 14:31:04 CST 2016]; root of context hierarchy
[INFO] [2016-05-02 14:31:04][org.springframework.beans.factory.xml.XmlBeanDefinitionReader]Loading XML bean definitions from class path resource [spring/spring-mybatis.xml]
[INFO] [2016-05-02 14:31:04][org.springframework.context.support.PropertySourcesPlaceholderConfigurer]Loading properties file from class path resource [database/jdbc.properties]
[INFO] [2016-05-02 14:31:04][org.springframework.beans.factory.annotation.AutowiredAnnotationBeanPostProcessor]JSR-330 'javax.inject.Inject' annotation found and supported for autowiring
[INFO] [2016-05-02 14:31:04][org.springframework.web.context.ContextLoader]Root WebApplicationContext: initialization completed in 632 ms
[INFO] [2016-05-02 14:31:04][org.springframework.web.servlet.DispatcherServlet]FrameworkServlet 'dispatcherServlet': initialization started
[INFO] [2016-05-02 14:31:04][org.springframework.web.context.support.XmlWebApplicationContext]Refreshing WebApplicationContext for namespace 'dispatcherServlet-servlet': startup date [Mon May 02 14:31:04 CST 2016]; parent: Root WebApplicationContext
[INFO] [2016-05-02 14:31:04][org.springframework.beans.factory.xml.XmlBeanDefinitionReader]Loading XML bean definitions from class path resource [spring/spring-mvc.xml]
[INFO] [2016-05-02 14:31:04][org.springframework.beans.factory.annotation.AutowiredAnnotationBeanPostProcessor]JSR-330 'javax.inject.Inject' annotation found and supported for autowiring
[INFO] [2016-05-02 14:31:04][org.springframework.web.servlet.mvc.annotation.DefaultAnnotationHandlerMapping]Mapped URL path [/user/showUser] onto handler 'userController'
[INFO] [2016-05-02 14:31:04][org.springframework.web.servlet.mvc.annotation.DefaultAnnotationHandlerMapping]Mapped URL path [/user/showUser.*] onto handler 'userController'
[INFO] [2016-05-02 14:31:04][org.springframework.web.servlet.mvc.annotation.DefaultAnnotationHandlerMapping]Mapped URL path [/user/showUser/] onto handler 'userController'
[INFO] [2016-05-02 14:31:05][org.springframework.web.servlet.DispatcherServlet]FrameworkServlet 'dispatcherServlet': initialization completed in 236 ms
[INFO] [2016-05-02 14:31:18][org.springframework.web.context.support.XmlWebApplicationContext]Refreshing Root WebApplicationContext: startup date [Mon May 02 14:31:18 CST 2016]; parent: Root WebApplicationContext
[INFO] [2016-05-02 14:31:18][org.springframework.beans.factory.xml.XmlBeanDefinitionReader]Loading XML bean definitions from class path resource [META-INF/cxf/cxf.xml]
[INFO] [2016-05-02 14:31:18][org.springframework.beans.factory.xml.XmlBeanDefinitionReader]Loading XML bean definitions from URL [file:/F:/WorkSpace/eclipse/MySSM/target/classes/cxf/cxf-servlet.xml]
[INFO] [2016-05-02 14:31:18][org.apache.cxf.common.injection.ResourceInjector]failed to resolve resource com.cn.hnust.facade.UserFacadeImpl/userService
[INFO] [2016-05-02 14:31:18][org.apache.cxf.wsdl.service.factory.ReflectionServiceFactoryBean]Creating Service {http://facade.hnust.cn.com/}UserFacadeImplService from class com.cn.hnust.facade.UserFacadeImpl
[INFO] [2016-05-02 14:32:04][org.springframework.web.context.ContextLoader]Root WebApplicationContext: initialization started
[INFO] [2016-05-02 14:32:04][org.springframework.web.context.support.XmlWebApplicationContext]Refreshing Root WebApplicationContext: startup date [Mon May 02 14:32:04 CST 2016]; root of context hierarchy
[INFO] [2016-05-02 14:32:04][org.springframework.beans.factory.xml.XmlBeanDefinitionReader]Loading XML bean definitions from class path resource [spring/spring-mybatis.xml]
[INFO] [2016-05-02 14:32:04][org.springframework.context.support.PropertySourcesPlaceholderConfigurer]Loading properties file from class path resource [database/jdbc.properties]
[INFO] [2016-05-02 14:32:04][org.springframework.beans.factory.annotation.AutowiredAnnotationBeanPostProcessor]JSR-330 'javax.inject.Inject' annotation found and supported for autowiring
[INFO] [2016-05-02 14:32:05][org.springframework.web.context.ContextLoader]Root WebApplicationContext: initialization completed in 605 ms
[INFO] [2016-05-02 14:32:05][org.springframework.web.servlet.DispatcherServlet]FrameworkServlet 'dispatcherServlet': initialization started
[INFO] [2016-05-02 14:32:05][org.springframework.web.context.support.XmlWebApplicationContext]Refreshing WebApplicationContext for namespace 'dispatcherServlet-servlet': startup date [Mon May 02 14:32:05 CST 2016]; parent: Root WebApplicationContext
[INFO] [2016-05-02 14:32:05][org.springframework.beans.factory.xml.XmlBeanDefinitionReader]Loading XML bean definitions from class path resource [spring/spring-mvc.xml]
[INFO] [2016-05-02 14:32:05][org.springframework.beans.factory.annotation.AutowiredAnnotationBeanPostProcessor]JSR-330 'javax.inject.Inject' annotation found and supported for autowiring
[INFO] [2016-05-02 14:32:05][org.springframework.web.servlet.mvc.annotation.DefaultAnnotationHandlerMapping]Mapped URL path [/user/showUser] onto handler 'userController'
[INFO] [2016-05-02 14:32:05][org.springframework.web.servlet.mvc.annotation.DefaultAnnotationHandlerMapping]Mapped URL path [/user/showUser.*] onto handler 'userController'
[INFO] [2016-05-02 14:32:05][org.springframework.web.servlet.mvc.annotation.DefaultAnnotationHandlerMapping]Mapped URL path [/user/showUser/] onto handler 'userController'
[INFO] [2016-05-02 14:32:05][org.springframework.web.servlet.DispatcherServlet]FrameworkServlet 'dispatcherServlet': initialization completed in 236 ms
[INFO] [2016-05-02 14:32:09][org.springframework.web.context.support.XmlWebApplicationContext]Refreshing Root WebApplicationContext: startup date [Mon May 02 14:32:09 CST 2016]; parent: Root WebApplicationContext
[INFO] [2016-05-02 14:32:09][org.springframework.beans.factory.xml.XmlBeanDefinitionReader]Loading XML bean definitions from class path resource [META-INF/cxf/cxf.xml]
[INFO] [2016-05-02 14:32:09][org.springframework.beans.factory.xml.XmlBeanDefinitionReader]Loading XML bean definitions from URL [file:/F:/WorkSpace/eclipse/MySSM/target/classes/cxf/cxf-servlet.xml]
[INFO] [2016-05-02 14:32:09][org.apache.cxf.common.injection.ResourceInjector]failed to resolve resource com.cn.hnust.facade.UserFacadeImpl/userService
[INFO] [2016-05-02 14:32:10][org.apache.cxf.wsdl.service.factory.ReflectionServiceFactoryBean]Creating Service {http://facade.hnust.cn.com/}UserFacadeImplService from class com.cn.hnust.facade.UserFacadeImpl
[INFO] [2016-05-02 14:32:10][org.apache.cxf.endpoint.ServerImpl]Setting the server's publish address to be /UserFacadeImpl
[INFO] [2016-05-02 14:32:28][com.cn.hnust.facade.UserFacadeImpl]收到User查询条件:1
[INFO] [2016-05-02 14:32:28][com.cn.hnust.service.impl.UserServiceImpl]收到查询用户参数,id=1
[INFO] [2016-05-02 14:32:28][com.cn.hnust.service.impl.UserServiceImpl]查询用户结果:{"age":24,"id":1,"name":"胡辉","password":"sfasgfaf"}
[INFO] [2016-05-02 14:36:28][com.cn.hnust.facade.UserFacadeImpl]收到User查询条件:1
[INFO] [2016-05-02 14:36:28][com.cn.hnust.service.impl.UserServiceImpl]收到查询用户参数,id=1
[INFO] [2016-05-02 14:36:28][com.cn.hnust.service.impl.UserServiceImpl]查询用户结果:{"age":24,"id":1,"name":"胡辉","password":"sfasgfaf"}
[INFO] [2016-05-02 14:43:46][org.springframework.web.context.ContextLoader]Root WebApplicationContext: initialization started
[INFO] [2016-05-02 14:43:46][org.springframework.web.context.support.XmlWebApplicationContext]Refreshing Root WebApplicationContext: startup date [Mon May 02 14:43:46 CST 2016]; root of context hierarchy
[INFO] [2016-05-02 14:43:46][org.springframework.beans.factory.xml.XmlBeanDefinitionReader]Loading XML bean definitions from class path resource [spring/spring-mybatis.xml]
[INFO] [2016-05-02 14:43:47][org.springframework.context.support.PropertySourcesPlaceholderConfigurer]Loading properties file from class path resource [database/jdbc.properties]
[INFO] [2016-05-02 14:43:47][org.springframework.beans.factory.annotation.AutowiredAnnotationBeanPostProcessor]JSR-330 'javax.inject.Inject' annotation found and supported for autowiring
[INFO] [2016-05-02 14:43:47][org.springframework.web.context.ContextLoader]Root WebApplicationContext: initialization completed in 604 ms
[INFO] [2016-05-02 14:43:47][org.springframework.web.servlet.DispatcherServlet]FrameworkServlet 'dispatcherServlet': initialization started
[INFO] [2016-05-02 14:43:47][org.springframework.web.context.support.XmlWebApplicationContext]Refreshing WebApplicationContext for namespace 'dispatcherServlet-servlet': startup date [Mon May 02 14:43:47 CST 2016]; parent: Root WebApplicationContext
[INFO] [2016-05-02 14:43:47][org.springframework.beans.factory.xml.XmlBeanDefinitionReader]Loading XML bean definitions from class path resource [spring/spring-mvc.xml]
[INFO] [2016-05-02 14:43:47][org.springframework.beans.factory.annotation.AutowiredAnnotationBeanPostProcessor]JSR-330 'javax.inject.Inject' annotation found and supported for autowiring
[INFO] [2016-05-02 14:43:47][org.springframework.web.servlet.mvc.annotation.DefaultAnnotationHandlerMapping]Mapped URL path [/user/showUser] onto handler 'userController'
[INFO] [2016-05-02 14:43:47][org.springframework.web.servlet.mvc.annotation.DefaultAnnotationHandlerMapping]Mapped URL path [/user/showUser.*] onto handler 'userController'
[INFO] [2016-05-02 14:43:47][org.springframework.web.servlet.mvc.annotation.DefaultAnnotationHandlerMapping]Mapped URL path [/user/showUser/] onto handler 'userController'
[INFO] [2016-05-02 14:43:47][org.springframework.web.servlet.DispatcherServlet]FrameworkServlet 'dispatcherServlet': initialization completed in 255 ms
[INFO] [2016-05-02 14:44:00][org.springframework.web.context.support.XmlWebApplicationContext]Refreshing Root WebApplicationContext: startup date [Mon May 02 14:44:00 CST 2016]; parent: Root WebApplicationContext
[INFO] [2016-05-02 14:44:00][org.springframework.beans.factory.xml.XmlBeanDefinitionReader]Loading XML bean definitions from class path resource [META-INF/cxf/cxf.xml]
[INFO] [2016-05-02 14:44:00][org.springframework.beans.factory.xml.XmlBeanDefinitionReader]Loading XML bean definitions from URL [file:/F:/WorkSpace/eclipse/MySSM/target/classes/cxf/cxf-servlet.xml]
[INFO] [2016-05-02 14:44:00][org.apache.cxf.common.injection.ResourceInjector]failed to resolve resource com.cn.hnust.facade.UserFacadeImpl/userService
[INFO] [2016-05-02 14:44:00][org.apache.cxf.wsdl.service.factory.ReflectionServiceFactoryBean]Creating Service {http://facade.hnust.cn.com/}UserFacadeImplService from class com.cn.hnust.facade.UserFacadeImpl
[INFO] [2016-05-02 14:44:01][org.apache.cxf.endpoint.ServerImpl]Setting the server's publish address to be /UserFacadeImpl
[INFO] [2016-05-02 14:44:02][com.cn.hnust.facade.UserFacadeImpl]收到User查询条件:1
[WARN] [2016-05-02 14:44:02][org.apache.cxf.phase.PhaseInterceptorChain]Application {http://facade.hnust.cn.com/}UserFacadeImplService#{http://facade.hnust.cn.com/}get has thrown exception, unwinding now
org.apache.cxf.interceptor.Fault
	at org.apache.cxf.service.invoker.AbstractInvoker.createFault(AbstractInvoker.java:163)
	at org.apache.cxf.jaxws.AbstractJAXWSMethodInvoker.createFault(AbstractJAXWSMethodInvoker.java:267)
	at org.apache.cxf.service.invoker.AbstractInvoker.invoke(AbstractInvoker.java:129)
	at org.apache.cxf.jaxws.AbstractJAXWSMethodInvoker.invoke(AbstractJAXWSMethodInvoker.java:232)
	at org.apache.cxf.jaxws.JAXWSMethodInvoker.invoke(JAXWSMethodInvoker.java:69)
	at org.apache.cxf.service.invoker.AbstractInvoker.invoke(AbstractInvoker.java:75)
	at org.apache.cxf.interceptor.ServiceInvokerInterceptor$1.run(ServiceInvokerInterceptor.java:59)
	at java.util.concurrent.Executors$RunnableAdapter.call(Executors.java:471)
	at java.util.concurrent.FutureTask.run(FutureTask.java:262)
	at org.apache.cxf.interceptor.ServiceInvokerInterceptor$2.run(ServiceInvokerInterceptor.java:126)
	at org.apache.cxf.workqueue.SynchronousExecutor.execute(SynchronousExecutor.java:37)
	at org.apache.cxf.interceptor.ServiceInvokerInterceptor.handleMessage(ServiceInvokerInterceptor.java:131)
	at org.apache.cxf.phase.PhaseInterceptorChain.doIntercept(PhaseInterceptorChain.java:307)
	at org.apache.cxf.transport.ChainInitiationObserver.onMessage(ChainInitiationObserver.java:121)
	at org.apache.cxf.transport.http.AbstractHTTPDestination.invoke(AbstractHTTPDestination.java:251)
	at org.apache.cxf.transport.servlet.ServletController.invokeDestination(ServletController.java:234)
	at org.apache.cxf.transport.servlet.ServletController.invoke(ServletController.java:208)
	at org.apache.cxf.transport.servlet.ServletController.invoke(ServletController.java:160)
	at org.apache.cxf.transport.servlet.CXFNonSpringServlet.invoke(CXFNonSpringServlet.java:171)
	at org.apache.cxf.transport.servlet.AbstractHTTPServlet.handleRequest(AbstractHTTPServlet.java:293)
	at org.apache.cxf.transport.servlet.AbstractHTTPServlet.doPost(AbstractHTTPServlet.java:212)
	at javax.servlet.http.HttpServlet.service(HttpServlet.java:727)
	at org.apache.cxf.transport.servlet.AbstractHTTPServlet.service(AbstractHTTPServlet.java:268)
	at org.mortbay.jetty.servlet.ServletHolder.handle(ServletHolder.java:511)
	at org.mortbay.jetty.servlet.ServletHandler$CachedChain.doFilter(ServletHandler.java:1221)
	at org.springframework.web.filter.CharacterEncodingFilter.doFilterInternal(CharacterEncodingFilter.java:88)
	at org.springframework.web.filter.OncePerRequestFilter.doFilter(OncePerRequestFilter.java:108)
	at org.mortbay.jetty.servlet.ServletHandler$CachedChain.doFilter(ServletHandler.java:1212)
	at org.mortbay.jetty.servlet.ServletHandler.handle(ServletHandler.java:399)
	at org.mortbay.jetty.security.SecurityHandler.handle(SecurityHandler.java:216)
	at org.mortbay.jetty.servlet.SessionHandler.handle(SessionHandler.java:182)
	at org.mortbay.jetty.handler.ContextHandler.handle(ContextHandler.java:766)
	at org.mortbay.jetty.webapp.WebAppContext.handle(WebAppContext.java:450)
	at org.mortbay.jetty.handler.ContextHandlerCollection.handle(ContextHandlerCollection.java:230)
	at org.mortbay.jetty.handler.HandlerCollection.handle(HandlerCollection.java:114)
	at org.mortbay.jetty.handler.HandlerWrapper.handle(HandlerWrapper.java:152)
	at org.mortbay.jetty.Server.handle(Server.java:326)
	at org.mortbay.jetty.HttpConnection.handleRequest(HttpConnection.java:542)
	at org.mortbay.jetty.HttpConnection$RequestHandler.content(HttpConnection.java:945)
	at org.mortbay.jetty.HttpParser.parseNext(HttpParser.java:756)
	at org.mortbay.jetty.HttpParser.parseAvailable(HttpParser.java:218)
	at org.mortbay.jetty.HttpConnection.handle(HttpConnection.java:404)
	at org.mortbay.io.nio.SelectChannelEndPoint.run(SelectChannelEndPoint.java:410)
	at org.mortbay.thread.QueuedThreadPool$PoolThread.run(QueuedThreadPool.java:582)
Caused by: java.lang.NullPointerException
	at com.cn.hnust.facade.UserFacadeImpl.get(UserFacadeImpl.java:36)
	at sun.reflect.NativeMethodAccessorImpl.invoke0(Native Method)
	at sun.reflect.NativeMethodAccessorImpl.invoke(NativeMethodAccessorImpl.java:57)
	at sun.reflect.DelegatingMethodAccessorImpl.invoke(DelegatingMethodAccessorImpl.java:43)
	at java.lang.reflect.Method.invoke(Method.java:606)
	at org.apache.cxf.service.invoker.AbstractInvoker.performInvocation(AbstractInvoker.java:181)
	at org.apache.cxf.service.invoker.AbstractInvoker.invoke(AbstractInvoker.java:97)
	... 41 more
[INFO] [2016-05-02 14:47:33][org.springframework.web.context.ContextLoader]Root WebApplicationContext: initialization started
[INFO] [2016-05-02 14:47:33][org.springframework.web.context.support.XmlWebApplicationContext]Refreshing Root WebApplicationContext: startup date [Mon May 02 14:47:33 CST 2016]; root of context hierarchy
[INFO] [2016-05-02 14:47:33][org.springframework.beans.factory.xml.XmlBeanDefinitionReader]Loading XML bean definitions from class path resource [spring/spring-mybatis.xml]
[INFO] [2016-05-02 14:47:33][org.springframework.context.support.PropertySourcesPlaceholderConfigurer]Loading properties file from class path resource [database/jdbc.properties]
[INFO] [2016-05-02 14:47:33][org.springframework.beans.factory.annotation.AutowiredAnnotationBeanPostProcessor]JSR-330 'javax.inject.Inject' annotation found and supported for autowiring
[INFO] [2016-05-02 14:47:33][org.springframework.web.context.ContextLoader]Root WebApplicationContext: initialization completed in 574 ms
[INFO] [2016-05-02 14:47:33][org.springframework.web.servlet.DispatcherServlet]FrameworkServlet 'dispatcherServlet': initialization started
[INFO] [2016-05-02 14:47:33][org.springframework.web.context.support.XmlWebApplicationContext]Refreshing WebApplicationContext for namespace 'dispatcherServlet-servlet': startup date [Mon May 02 14:47:33 CST 2016]; parent: Root WebApplicationContext
[INFO] [2016-05-02 14:47:33][org.springframework.beans.factory.xml.XmlBeanDefinitionReader]Loading XML bean definitions from class path resource [spring/spring-mvc.xml]
[INFO] [2016-05-02 14:47:34][org.springframework.beans.factory.annotation.AutowiredAnnotationBeanPostProcessor]JSR-330 'javax.inject.Inject' annotation found and supported for autowiring
[INFO] [2016-05-02 14:47:34][org.springframework.web.servlet.mvc.annotation.DefaultAnnotationHandlerMapping]Mapped URL path [/user/showUser] onto handler 'userController'
[INFO] [2016-05-02 14:47:34][org.springframework.web.servlet.mvc.annotation.DefaultAnnotationHandlerMapping]Mapped URL path [/user/showUser.*] onto handler 'userController'
[INFO] [2016-05-02 14:47:34][org.springframework.web.servlet.mvc.annotation.DefaultAnnotationHandlerMapping]Mapped URL path [/user/showUser/] onto handler 'userController'
[INFO] [2016-05-02 14:47:34][org.springframework.web.servlet.DispatcherServlet]FrameworkServlet 'dispatcherServlet': initialization completed in 238 ms
[INFO] [2016-05-02 14:47:42][org.springframework.web.context.support.XmlWebApplicationContext]Refreshing Root WebApplicationContext: startup date [Mon May 02 14:47:42 CST 2016]; parent: Root WebApplicationContext
[INFO] [2016-05-02 14:47:42][org.springframework.beans.factory.xml.XmlBeanDefinitionReader]Loading XML bean definitions from class path resource [META-INF/cxf/cxf.xml]
[INFO] [2016-05-02 14:47:42][org.springframework.beans.factory.xml.XmlBeanDefinitionReader]Loading XML bean definitions from URL [file:/F:/WorkSpace/eclipse/MySSM/target/classes/cxf/cxf-servlet.xml]
[INFO] [2016-05-02 14:47:42][org.apache.cxf.common.injection.ResourceInjector]failed to resolve resource com.cn.hnust.facade.UserFacadeImpl/userService
[INFO] [2016-05-02 14:47:42][org.apache.cxf.wsdl.service.factory.ReflectionServiceFactoryBean]Creating Service {http://facade.hnust.cn.com/}UserFacadeImplService from class com.cn.hnust.facade.UserFacadeImpl
[INFO] [2016-05-02 14:47:43][org.apache.cxf.endpoint.ServerImpl]Setting the server's publish address to be /UserFacadeImpl
[INFO] [2016-05-02 14:48:31][org.springframework.web.context.ContextLoader]Root WebApplicationContext: initialization started
[INFO] [2016-05-02 14:48:31][org.springframework.web.context.support.XmlWebApplicationContext]Refreshing Root WebApplicationContext: startup date [Mon May 02 14:48:31 CST 2016]; root of context hierarchy
[INFO] [2016-05-02 14:48:31][org.springframework.beans.factory.xml.XmlBeanDefinitionReader]Loading XML bean definitions from class path resource [spring/spring-mybatis.xml]
[INFO] [2016-05-02 14:48:31][org.springframework.context.support.PropertySourcesPlaceholderConfigurer]Loading properties file from class path resource [database/jdbc.properties]
[INFO] [2016-05-02 14:48:31][org.springframework.beans.factory.annotation.AutowiredAnnotationBeanPostProcessor]JSR-330 'javax.inject.Inject' annotation found and supported for autowiring
[INFO] [2016-05-02 14:48:32][org.springframework.web.context.ContextLoader]Root WebApplicationContext: initialization completed in 587 ms
[INFO] [2016-05-02 14:48:32][org.springframework.web.servlet.DispatcherServlet]FrameworkServlet 'dispatcherServlet': initialization started
[INFO] [2016-05-02 14:48:32][org.springframework.web.context.support.XmlWebApplicationContext]Refreshing WebApplicationContext for namespace 'dispatcherServlet-servlet': startup date [Mon May 02 14:48:32 CST 2016]; parent: Root WebApplicationContext
[INFO] [2016-05-02 14:48:32][org.springframework.beans.factory.xml.XmlBeanDefinitionReader]Loading XML bean definitions from class path resource [spring/spring-mvc.xml]
[INFO] [2016-05-02 14:48:32][org.springframework.beans.factory.annotation.AutowiredAnnotationBeanPostProcessor]JSR-330 'javax.inject.Inject' annotation found and supported for autowiring
[INFO] [2016-05-02 14:48:32][org.springframework.web.servlet.mvc.annotation.DefaultAnnotationHandlerMapping]Mapped URL path [/user/showUser] onto handler 'userController'
[INFO] [2016-05-02 14:48:32][org.springframework.web.servlet.mvc.annotation.DefaultAnnotationHandlerMapping]Mapped URL path [/user/showUser.*] onto handler 'userController'
[INFO] [2016-05-02 14:48:32][org.springframework.web.servlet.mvc.annotation.DefaultAnnotationHandlerMapping]Mapped URL path [/user/showUser/] onto handler 'userController'
[INFO] [2016-05-02 14:48:32][org.springframework.web.servlet.DispatcherServlet]FrameworkServlet 'dispatcherServlet': initialization completed in 218 ms
[INFO] [2016-05-02 14:48:36][org.springframework.web.context.support.XmlWebApplicationContext]Refreshing Root WebApplicationContext: startup date [Mon May 02 14:48:36 CST 2016]; parent: Root WebApplicationContext
[INFO] [2016-05-02 14:48:36][org.springframework.beans.factory.xml.XmlBeanDefinitionReader]Loading XML bean definitions from class path resource [META-INF/cxf/cxf.xml]
[INFO] [2016-05-02 14:48:36][org.springframework.beans.factory.xml.XmlBeanDefinitionReader]Loading XML bean definitions from URL [file:/F:/WorkSpace/eclipse/MySSM/target/classes/cxf/cxf-servlet.xml]
[INFO] [2016-05-02 14:48:36][org.apache.cxf.common.injection.ResourceInjector]failed to resolve resource com.cn.hnust.facade.UserFacadeImpl/userService
[INFO] [2016-05-02 14:48:36][org.apache.cxf.wsdl.service.factory.ReflectionServiceFactoryBean]Creating Service {http://facade.hnust.cn.com/}UserFacadeImplService from class com.cn.hnust.facade.UserFacadeImpl
[INFO] [2016-05-02 14:48:36][org.apache.cxf.endpoint.ServerImpl]Setting the server's publish address to be /UserFacadeImpl
[INFO] [2016-05-02 14:58:18][com.cn.hnust.facade.UserFacadeImpl]收到User查询条件:1
[INFO] [2016-05-02 14:58:18][com.cn.hnust.service.impl.UserServiceImpl]收到查询用户参数,id=1
[INFO] [2016-05-02 14:58:19][com.cn.hnust.service.impl.UserServiceImpl]查询用户结果:{"age":24,"id":1,"name":"胡辉","password":"sfasgfaf"}
[INFO] [2016-05-02 14:58:31][com.cn.hnust.facade.UserFacadeImpl]收到User查询条件:1
[INFO] [2016-05-02 14:58:31][com.cn.hnust.service.impl.UserServiceImpl]收到查询用户参数,id=1
[INFO] [2016-05-02 14:58:31][com.cn.hnust.service.impl.UserServiceImpl]查询用户结果:{"age":24,"id":1,"name":"胡辉","password":"sfasgfaf"}
